<?xml version="1.0" encoding="UTF-8" ?>
<testsuite tests="5" failures="0" name="RangersTest" time="0.533" errors="0" skipped="0">
  <properties>
[...]
</properties>
  <testcase classname="RangersTest" name="findById" time="0.101"/>
  <testcase classname="RangersTest" name="empty" time="0.009"/>
  <testcase classname="RangersTest" name="ReturningslightsForRanger" time="0.324"/>
  <testcase classname="RangersTest" name="createInstanceOfRangersClass" time="0"/>
  <testcase classname="RangersTest" name="Updated" time="0.099"/>
</testsuite>